[0m[1mmodule.components.module.app_runner.data.aws_iam_policy_document.apprunner_assume_role: Reading...[0m[0m
[0m[1mmodule.components.module.app_runner.data.aws_iam_policy_document.apprunner_assume_role: Read complete after 0s [id=3816108838][0m

Terraform used the selected providers to generate the following execution
plan. Resource actions are indicated with the following symbols:
  [32m+[0m create[0m

Terraform will perform the following actions:

[1m  # module.components.random_string.suffix[0m will be created
[0m  [32m+[0m[0m resource "random_string" "suffix" {
      [32m+[0m[0m id          = (known after apply)
      [32m+[0m[0m length      = 6
      [32m+[0m[0m lower       = true
      [32m+[0m[0m min_lower   = 0
      [32m+[0m[0m min_numeric = 0
      [32m+[0m[0m min_special = 0
      [32m+[0m[0m min_upper   = 0
      [32m+[0m[0m number      = true
      [32m+[0m[0m numeric     = true
      [32m+[0m[0m result      = (known after apply)
      [32m+[0m[0m special     = false
      [32m+[0m[0m upper       = false
    }

[1m  # module.components.module.app_runner.aws_apprunner_service.this[0m will be created
[0m  [32m+[0m[0m resource "aws_apprunner_service" "this" {
      [32m+[0m[0m arn                            = (known after apply)
      [32m+[0m[0m auto_scaling_configuration_arn = (known after apply)
      [32m+[0m[0m id                             = (known after apply)
      [32m+[0m[0m service_id                     = (known after apply)
      [32m+[0m[0m service_name                   = (known after apply)
      [32m+[0m[0m service_url                    = (known after apply)
      [32m+[0m[0m status                         = (known after apply)
      [32m+[0m[0m tags                           = (known after apply)
      [32m+[0m[0m tags_all                       = (known after apply)

      [32m+[0m[0m health_check_configuration (known after apply)

      [32m+[0m[0m instance_configuration {
          [32m+[0m[0m cpu               = "1024"
          [32m+[0m[0m instance_role_arn = (known after apply)
          [32m+[0m[0m memory            = "2048"
        }

      [32m+[0m[0m network_configuration (known after apply)

      [32m+[0m[0m source_configuration {
          [32m+[0m[0m auto_deployments_enabled = false

          [32m+[0m[0m image_repository {
              [32m+[0m[0m image_identifier      = "public.ecr.aws/nginx/nginx:latest"
              [32m+[0m[0m image_repository_type = "ECR_PUBLIC"

              [32m+[0m[0m image_configuration {
                  [32m+[0m[0m port                          = "80"
                  [32m+[0m[0m runtime_environment_variables = (known after apply)
                }
            }
        }
    }

[1m  # module.components.module.app_runner.aws_iam_role.instance_role[0m will be created
[0m  [32m+[0m[0m resource "aws_iam_role" "instance_role" {
      [32m+[0m[0m arn                   = (known after apply)
      [32m+[0m[0m assume_role_policy    = jsonencode(
            {
              [32m+[0m[0m Statement = [
                  [32m+[0m[0m {
                      [32m+[0m[0m Action    = "sts:AssumeRole"
                      [32m+[0m[0m Effect    = "Allow"
                      [32m+[0m[0m Principal = {
                          [32m+[0m[0m Service = [
                              [32m+[0m[0m "tasks.apprunner.amazonaws.com",
                              [32m+[0m[0m "build.apprunner.amazonaws.com",
                            ]
                        }
                    },
                ]
              [32m+[0m[0m Version   = "2012-10-17"
            }
        )
      [32m+[0m[0m create_date           = (known after apply)
      [32m+[0m[0m force_detach_policies = false
      [32m+[0m[0m id                    = (known after apply)
      [32m+[0m[0m managed_policy_arns   = (known after apply)
      [32m+[0m[0m max_session_duration  = 3600
      [32m+[0m[0m name                  = (known after apply)
      [32m+[0m[0m name_prefix           = (known after apply)
      [32m+[0m[0m path                  = "/"
      [32m+[0m[0m tags_all              = (known after apply)
      [32m+[0m[0m unique_id             = (known after apply)

      [32m+[0m[0m inline_policy (known after apply)
    }

[1m  # module.components.module.dynamodb_table.aws_dynamodb_table.this[0m will be created
[0m  [32m+[0m[0m resource "aws_dynamodb_table" "this" {
      [32m+[0m[0m arn              = (known after apply)
      [32m+[0m[0m billing_mode     = "PAY_PER_REQUEST"
      [32m+[0m[0m hash_key         = "id"
      [32m+[0m[0m id               = (known after apply)
      [32m+[0m[0m name             = (known after apply)
      [32m+[0m[0m read_capacity    = (known after apply)
      [32m+[0m[0m stream_arn       = (known after apply)
      [32m+[0m[0m stream_label     = (known after apply)
      [32m+[0m[0m stream_view_type = (known after apply)
      [32m+[0m[0m tags             = (known after apply)
      [32m+[0m[0m tags_all         = (known after apply)
      [32m+[0m[0m write_capacity   = (known after apply)

      [32m+[0m[0m attribute {
          [32m+[0m[0m name = "id"
          [32m+[0m[0m type = "S"
        }

      [32m+[0m[0m point_in_time_recovery (known after apply)

      [32m+[0m[0m server_side_encryption (known after apply)

      [32m+[0m[0m ttl (known after apply)
    }

[1m  # module.components.module.s3_bucket.aws_s3_bucket.this[0m will be created
[0m  [32m+[0m[0m resource "aws_s3_bucket" "this" {
      [32m+[0m[0m acceleration_status         = (known after apply)
      [32m+[0m[0m acl                         = (known after apply)
      [32m+[0m[0m arn                         = (known after apply)
      [32m+[0m[0m bucket                      = (known after apply)
      [32m+[0m[0m bucket_domain_name          = (known after apply)
      [32m+[0m[0m bucket_prefix               = (known after apply)
      [32m+[0m[0m bucket_regional_domain_name = (known after apply)
      [32m+[0m[0m force_destroy               = false
      [32m+[0m[0m hosted_zone_id              = (known after apply)
      [32m+[0m[0m id                          = (known after apply)
      [32m+[0m[0m object_lock_enabled         = (known after apply)
      [32m+[0m[0m policy                      = (known after apply)
      [32m+[0m[0m region                      = (known after apply)
      [32m+[0m[0m request_payer               = (known after apply)
      [32m+[0m[0m tags                        = (known after apply)
      [32m+[0m[0m tags_all                    = (known after apply)
      [32m+[0m[0m website_domain              = (known after apply)
      [32m+[0m[0m website_endpoint            = (known after apply)

      [32m+[0m[0m cors_rule (known after apply)

      [32m+[0m[0m grant (known after apply)

      [32m+[0m[0m lifecycle_rule (known after apply)

      [32m+[0m[0m logging (known after apply)

      [32m+[0m[0m object_lock_configuration (known after apply)

      [32m+[0m[0m replication_configuration (known after apply)

      [32m+[0m[0m server_side_encryption_configuration (known after apply)

      [32m+[0m[0m versioning (known after apply)

      [32m+[0m[0m website (known after apply)
    }

[1m  # module.components.module.s3_bucket.aws_s3_bucket_public_access_block.this[0m will be created
[0m  [32m+[0m[0m resource "aws_s3_bucket_public_access_block" "this" {
      [32m+[0m[0m block_public_acls       = true
      [32m+[0m[0m block_public_policy     = true
      [32m+[0m[0m bucket                  = (known after apply)
      [32m+[0m[0m id                      = (known after apply)
      [32m+[0m[0m ignore_public_acls      = true
      [32m+[0m[0m restrict_public_buckets = true
    }

[1m  # module.components.module.s3_bucket.aws_s3_bucket_versioning.this[0][0m will be created
[0m  [32m+[0m[0m resource "aws_s3_bucket_versioning" "this" {
      [32m+[0m[0m bucket = (known after apply)
      [32m+[0m[0m id     = (known after apply)

      [32m+[0m[0m versioning_configuration {
          [32m+[0m[0m mfa_delete = (known after apply)
          [32m+[0m[0m status     = "Enabled"
        }
    }

[1m  # module.components.module.secrets_manager.aws_secretsmanager_secret.this[0m will be created
[0m  [32m+[0m[0m resource "aws_secretsmanager_secret" "this" {
      [32m+[0m[0m arn                            = (known after apply)
      [32m+[0m[0m description                    = "API Keys for external services"
      [32m+[0m[0m force_overwrite_replica_secret = false
      [32m+[0m[0m id                             = (known after apply)
      [32m+[0m[0m name                           = (known after apply)
      [32m+[0m[0m name_prefix                    = (known after apply)
      [32m+[0m[0m policy                         = (known after apply)
      [32m+[0m[0m recovery_window_in_days        = 30
      [32m+[0m[0m tags                           = (known after apply)
      [32m+[0m[0m tags_all                       = (known after apply)

      [32m+[0m[0m replica (known after apply)
    }

[1m  # module.components.module.secrets_manager.aws_secretsmanager_secret_version.this[0m will be created
[0m  [32m+[0m[0m resource "aws_secretsmanager_secret_version" "this" {
      [32m+[0m[0m arn                  = (known after apply)
      [32m+[0m[0m has_secret_string_wo = (known after apply)
      [32m+[0m[0m id                   = (known after apply)
      [32m+[0m[0m secret_id            = (known after apply)
      [32m+[0m[0m secret_string        = (sensitive value)
      [32m+[0m[0m version_id           = (known after apply)
      [32m+[0m[0m version_stages       = (known after apply)
    }

[1mPlan:[0m 9 to add, 0 to change, 0 to destroy.
[0m
Changes to Outputs:
  [32m+[0m[0m api_url        = (known after apply)
  [32m+[0m[0m dynamodb_table = (known after apply)
  [32m+[0m[0m s3_bucket      = (known after apply)
[90m
─────────────────────────────────────────────────────────────────────────────[0m

Note: You didn't use the -out option to save this plan, so Terraform can't
guarantee to take exactly these actions if you run "terraform apply" now.
